100.09.25 00:09 B G:\Mindspring\www\images\34-norm-heart.gif <-- Mindspring /deash/www/images 34-norm-heart.gif
100.09.25 00:09 B G:\Mindspring\www\images\34_coarction.gif <-- Mindspring /deash/www/images 34_coarction.gif
100.09.25 00:09 B G:\Mindspring\www\images\34_falllout.gif <-- Mindspring /deash/www/images 34_falllout.gif
100.09.25 00:09 B G:\Mindspring\www\images\34_stenotic-aortic.gif <-- Mindspring /deash/www/images 34_stenotic-aortic.gif
100.09.25 00:09 B G:\Mindspring\www\images\34a_asd.gif <-- Mindspring /deash/www/images 34a_asd.gif
100.09.25 00:09 B G:\Mindspring\www\images\34bvsd.gif <-- Mindspring /deash/www/images 34bvsd.gif
100.09.25 00:09 B G:\Mindspring\www\images\34c_stenotic-pulm.gif <-- Mindspring /deash/www/images 34c_stenotic-pulm.gif
100.09.25 00:09 B G:\Mindspring\www\images\34gnew.gif <-- Mindspring /deash/www/images 34gnew.gif
100.09.25 00:09 B G:\Mindspring\www\images\activemov.gif <-- Mindspring /deash/www/images activemov.gif
100.09.25 00:09 B G:\Mindspring\www\images\activexanim.gif <-- Mindspring /deash/www/images activexanim.gif
100.09.25 00:09 B G:\Mindspring\www\images\ahabutton.gif <-- Mindspring /deash/www/images ahabutton.gif
100.09.25 00:10 B G:\Mindspring\www\images\ahasig.gif <-- Mindspring /deash/www/images ahasig.gif
100.09.25 00:10 B G:\Mindspring\www\images\alex1-sm.jpg <-- Mindspring /deash/www/images alex1-sm.jpg
100.09.25 00:10 B G:\Mindspring\www\images\alex1.jpg <-- Mindspring /deash/www/images alex1.jpg
100.09.25 00:10 B G:\Mindspring\www\images\alex10-sm.jpg <-- Mindspring /deash/www/images alex10-sm.jpg
100.09.25 00:10 B G:\Mindspring\www\images\alex10.jpg <-- Mindspring /deash/www/images alex10.jpg
100.09.25 00:10 B G:\Mindspring\www\images\alex11-sm.jpg <-- Mindspring /deash/www/images alex11-sm.jpg
100.09.25 00:10 B G:\Mindspring\www\images\alex11.jpg <-- Mindspring /deash/www/images alex11.jpg
100.09.25 00:10 B G:\Mindspring\www\images\alex12-sm.jpg <-- Mindspring /deash/www/images alex12-sm.jpg
100.09.25 00:10 B G:\Mindspring\www\images\alex12.jpg <-- Mindspring /deash/www/images alex12.jpg
100.09.25 00:10 B G:\Mindspring\www\images\alex13-sm.jpg <-- Mindspring /deash/www/images alex13-sm.jpg
100.09.25 00:10 B G:\Mindspring\www\images\alex13.jpg <-- Mindspring /deash/www/images alex13.jpg
100.09.25 00:10 B G:\Mindspring\www\images\alex14-sm.jpg <-- Mindspring /deash/www/images alex14-sm.jpg
100.09.25 00:10 B G:\Mindspring\www\images\alex14.jpg <-- Mindspring /deash/www/images alex14.jpg
100.09.25 00:10 B G:\Mindspring\www\images\alex15-sm.jpg <-- Mindspring /deash/www/images alex15-sm.jpg
100.09.25 00:10 B G:\Mindspring\www\images\alex15.jpg <-- Mindspring /deash/www/images alex15.jpg
100.09.25 00:10 B G:\Mindspring\www\images\alex16-sm.jpg <-- Mindspring /deash/www/images alex16-sm.jpg
100.09.25 00:10 B G:\Mindspring\www\images\alex16.jpg <-- Mindspring /deash/www/images alex16.jpg
100.09.25 00:10 B G:\Mindspring\www\images\alex17-sm.jpg <-- Mindspring /deash/www/images alex17-sm.jpg
100.09.25 00:10 B G:\Mindspring\www\images\alex17.jpg <-- Mindspring /deash/www/images alex17.jpg
100.09.25 00:10 B G:\Mindspring\www\images\alex18-sm.jpg <-- Mindspring /deash/www/images alex18-sm.jpg
100.09.25 00:10 B G:\Mindspring\www\images\alex18.jpg <-- Mindspring /deash/www/images alex18.jpg
100.09.25 00:10 B G:\Mindspring\www\images\alex19-sm.jpg <-- Mindspring /deash/www/images alex19-sm.jpg
100.09.25 00:10 B G:\Mindspring\www\images\alex19.jpg <-- Mindspring /deash/www/images alex19.jpg
100.09.25 00:10 B G:\Mindspring\www\images\alex2-sm.jpg <-- Mindspring /deash/www/images alex2-sm.jpg
100.09.25 00:10 B G:\Mindspring\www\images\alex2.jpg <-- Mindspring /deash/www/images alex2.jpg
100.09.25 00:10 B G:\Mindspring\www\images\alex20-sm.jpg <-- Mindspring /deash/www/images alex20-sm.jpg
100.09.25 00:10 B G:\Mindspring\www\images\alex20.jpg <-- Mindspring /deash/www/images alex20.jpg
100.09.25 00:10 B G:\Mindspring\www\images\alex3-sm.jpg <-- Mindspring /deash/www/images alex3-sm.jpg
100.09.25 00:10 B G:\Mindspring\www\images\alex3.jpg <-- Mindspring /deash/www/images alex3.jpg
100.09.25 00:10 B G:\Mindspring\www\images\alex4-sm.jpg <-- Mindspring /deash/www/images alex4-sm.jpg
100.09.25 00:11 B G:\Mindspring\www\images\alex4.jpg <-- Mindspring /deash/www/images alex4.jpg
100.09.25 00:11 B G:\Mindspring\www\images\alex5-sm.jpg <-- Mindspring /deash/www/images alex5-sm.jpg
100.09.25 00:11 B G:\Mindspring\www\images\alex5.jpg <-- Mindspring /deash/www/images alex5.jpg
100.09.25 00:11 B G:\Mindspring\www\images\alex6-sm.jpg <-- Mindspring /deash/www/images alex6-sm.jpg
100.09.25 00:11 B G:\Mindspring\www\images\alex6.jpg <-- Mindspring /deash/www/images alex6.jpg
100.09.25 00:11 B G:\Mindspring\www\images\alex7-sm.jpg <-- Mindspring /deash/www/images alex7-sm.jpg
100.09.25 00:11 B G:\Mindspring\www\images\alex7.jpg <-- Mindspring /deash/www/images alex7.jpg
100.09.25 00:11 B G:\Mindspring\www\images\alex8-sm.jpg <-- Mindspring /deash/www/images alex8-sm.jpg
100.09.25 00:11 B G:\Mindspring\www\images\alex8.jpg <-- Mindspring /deash/www/images alex8.jpg
100.09.25 00:11 B G:\Mindspring\www\images\alex9-sm.jpg <-- Mindspring /deash/www/images alex9-sm.jpg
100.09.25 00:11 B G:\Mindspring\www\images\alex9.jpg <-- Mindspring /deash/www/images alex9.jpg
100.09.25 00:11 B G:\Mindspring\www\images\alexlog.gif <-- Mindspring /deash/www/images alexlog.gif
100.09.25 00:11 B G:\Mindspring\www\images\alextitle.gif <-- Mindspring /deash/www/images alextitle.gif
100.09.25 00:11 B G:\Mindspring\www\images\archiv.gif <-- Mindspring /deash/www/images archiv.gif
100.09.25 00:12 B G:\Mindspring\www\images\bar.gif <-- Mindspring /deash/www/images bar.gif
100.09.25 00:12 B G:\Mindspring\www\images\beatingheart.gif <-- Mindspring /deash/www/images beatingheart.gif
100.09.25 00:12 B G:\Mindspring\www\images\borderbar.gif <-- Mindspring /deash/www/images borderbar.gif
100.09.25 00:12 B G:\Mindspring\www\images\but1off.gif <-- Mindspring /deash/www/images but1off.gif
100.09.25 00:12 B G:\Mindspring\www\images\but1on.gif <-- Mindspring /deash/www/images but1on.gif
100.09.25 00:12 B G:\Mindspring\www\images\but2off.gif <-- Mindspring /deash/www/images but2off.gif
100.09.25 00:12 B G:\Mindspring\www\images\but2on.gif <-- Mindspring /deash/www/images but2on.gif
100.09.25 00:12 B G:\Mindspring\www\images\but3off.gif <-- Mindspring /deash/www/images but3off.gif
100.09.25 00:12 B G:\Mindspring\www\images\but3on.gif <-- Mindspring /deash/www/images but3on.gif
100.09.25 00:12 B G:\Mindspring\www\images\but4off.gif <-- Mindspring /deash/www/images but4off.gif
100.09.25 00:12 B G:\Mindspring\www\images\but4on.gif <-- Mindspring /deash/www/images but4on.gif
100.09.25 00:12 B G:\Mindspring\www\images\but5off.gif <-- Mindspring /deash/www/images but5off.gif
100.09.25 00:12 B G:\Mindspring\www\images\but5on.gif <-- Mindspring /deash/www/images but5on.gif
100.09.25 00:12 B G:\Mindspring\www\images\calendar.gif <-- Mindspring /deash/www/images calendar.gif
100.09.25 00:12 B G:\Mindspring\www\images\cameras.gif <-- Mindspring /deash/www/images cameras.gif
100.09.25 00:12 B G:\Mindspring\www\images\car2.gif <-- Mindspring /deash/www/images car2.gif
100.09.25 00:12 B G:\Mindspring\www\images\cath.gif <-- Mindspring /deash/www/images cath.gif
100.09.25 00:12 B G:\Mindspring\www\images\circsys.gif <-- Mindspring /deash/www/images circsys.gif
100.09.25 00:12 B G:\Mindspring\www\images\compare.gif <-- Mindspring /deash/www/images compare.gif
100.09.25 00:12 B G:\Mindspring\www\images\creamback.jpg <-- Mindspring /deash/www/images creamback.jpg
100.09.25 00:12 B G:\Mindspring\www\images\crib.jpg <-- Mindspring /deash/www/images crib.jpg
100.09.25 00:12 B G:\Mindspring\www\images\cribwindow.jpg <-- Mindspring /deash/www/images cribwindow.jpg
100.09.25 00:12 B G:\Mindspring\www\images\david-sm.jpg <-- Mindspring /deash/www/images david-sm.jpg
100.09.25 00:12 B G:\Mindspring\www\images\david.jpg <-- Mindspring /deash/www/images david.jpg
100.09.25 00:13 B G:\Mindspring\www\images\dedicate.jpg <-- Mindspring /deash/www/images dedicate.jpg
100.09.25 00:13 B G:\Mindspring\www\images\dresshorse.jpg <-- Mindspring /deash/www/images dresshorse.jpg
100.09.25 00:13 B G:\Mindspring\www\images\dukebutton.gif <-- Mindspring /deash/www/images dukebutton.gif
100.09.25 00:13 B G:\Mindspring\www\images\dumc.gif <-- Mindspring /deash/www/images dumc.gif
100.09.25 00:13 B G:\Mindspring\www\images\dumchs.gif <-- Mindspring /deash/www/images dumchs.gif
100.09.25 00:13 B G:\Mindspring\www\images\eash.jpg <-- Mindspring /deash/www/images eash.jpg
100.09.25 00:13 B G:\Mindspring\www\images\ebutalex.jpg <-- Mindspring /deash/www/images ebutalex.jpg
100.09.25 00:13 B G:\Mindspring\www\images\ebutlink.jpg <-- Mindspring /deash/www/images ebutlink.jpg
100.09.25 00:13 B G:\Mindspring\www\images\ebutmail.jpg <-- Mindspring /deash/www/images ebutmail.jpg
100.09.25 00:13 B G:\Mindspring\www\images\ebutwelc.jpg <-- Mindspring /deash/www/images ebutwelc.jpg
100.09.25 00:13 B G:\Mindspring\www\images\ebutzach.jpg <-- Mindspring /deash/www/images ebutzach.jpg
100.09.25 00:13 B G:\Mindspring\www\images\frame-sm.jpg <-- Mindspring /deash/www/images frame-sm.jpg
100.09.25 00:13 B G:\Mindspring\www\images\frame.jpg <-- Mindspring /deash/www/images frame.jpg
100.09.25 00:13 B G:\Mindspring\www\images\glossary.gif <-- Mindspring /deash/www/images glossary.gif
100.09.25 00:13 B G:\Mindspring\www\images\glossbutton.gif <-- Mindspring /deash/www/images glossbutton.gif
100.09.25 00:13 B G:\Mindspring\www\images\glossmap.gif <-- Mindspring /deash/www/images glossmap.gif
100.09.25 00:13 B G:\Mindspring\www\images\glosstop.gif <-- Mindspring /deash/www/images glosstop.gif
100.09.25 00:13 B G:\Mindspring\www\images\goldstar.gif <-- Mindspring /deash/www/images goldstar.gif
100.09.25 00:13 B G:\Mindspring\www\images\halbert.gif <-- Mindspring /deash/www/images halbert.gif
100.09.25 00:13 B G:\Mindspring\www\images\homebutton.gif <-- Mindspring /deash/www/images homebutton.gif
100.09.25 00:13 B G:\Mindspring\www\images\hs2_1.gif <-- Mindspring /deash/www/images hs2_1.gif
100.09.25 00:13 B G:\Mindspring\www\images\ienet.gif <-- Mindspring /deash/www/images ienet.gif
100.09.25 00:13 B G:\Mindspring\www\images\indeo_l.gif <-- Mindspring /deash/www/images indeo_l.gif
100.09.25 00:13 B G:\Mindspring\www\images\inheart.jpg <-- Mindspring /deash/www/images inheart.jpg
100.09.25 00:13 B G:\Mindspring\www\images\janine-sm.jpg <-- Mindspring /deash/www/images janine-sm.jpg
100.09.25 00:13 B G:\Mindspring\www\images\janine.jpg <-- Mindspring /deash/www/images janine.jpg
100.09.25 00:13 B G:\Mindspring\www\images\left.gif <-- Mindspring /deash/www/images left.gif
100.09.25 00:14 B G:\Mindspring\www\images\linkbutton.gif <-- Mindspring /deash/www/images linkbutton.gif
100.09.25 00:14 B G:\Mindspring\www\images\links.jpg <-- Mindspring /deash/www/images links.jpg
100.09.25 00:14 B G:\Mindspring\www\images\linktitle.gif <-- Mindspring /deash/www/images linktitle.gif
100.09.25 00:14 B G:\Mindspring\www\images\looklike.jpg <-- Mindspring /deash/www/images looklike.jpg
100.09.25 00:14 B G:\Mindspring\www\images\mailbutton.gif <-- Mindspring /deash/www/images mailbutton.gif
100.09.25 00:14 B G:\Mindspring\www\images\medbutton.gif <-- Mindspring /deash/www/images medbutton.gif
100.09.25 00:14 B G:\Mindspring\www\images\mediabutton.gif <-- Mindspring /deash/www/images mediabutton.gif
100.09.25 00:14 B G:\Mindspring\www\images\mediamov.gif <-- Mindspring /deash/www/images mediamov.gif
100.09.25 00:14 B G:\Mindspring\www\images\mediapic.gif <-- Mindspring /deash/www/images mediapic.gif
100.09.25 00:14 B G:\Mindspring\www\images\mediatitle.gif <-- Mindspring /deash/www/images mediatitle.gif
100.09.25 00:14 B G:\Mindspring\www\images\membutton.gif <-- Mindspring /deash/www/images membutton.gif
100.09.25 00:14 B G:\Mindspring\www\images\memory.gif <-- Mindspring /deash/www/images memory.gif
100.09.25 00:14 B G:\Mindspring\www\images\mnew.gif <-- Mindspring /deash/www/images mnew.gif
100.09.25 00:14 B G:\Mindspring\www\images\moveheart.gif <-- Mindspring /deash/www/images moveheart.gif
100.09.25 00:14 B G:\Mindspring\www\images\movesbn.gif <-- Mindspring /deash/www/images movesbn.gif
100.09.25 00:14 B G:\Mindspring\www\images\movies.gif <-- Mindspring /deash/www/images movies.gif
100.09.25 00:14 B G:\Mindspring\www\images\name.jpg <-- Mindspring /deash/www/images name.jpg
100.09.25 00:14 B G:\Mindspring\www\images\nbbackward.gif <-- Mindspring /deash/www/images nbbackward.gif
100.09.25 00:14 B G:\Mindspring\www\images\nbbullet.gif <-- Mindspring /deash/www/images nbbullet.gif
100.09.25 00:14 B G:\Mindspring\www\images\nbforward.gif <-- Mindspring /deash/www/images nbforward.gif
100.09.25 00:14 B G:\Mindspring\www\images\openh.gif <-- Mindspring /deash/www/images openh.gif
100.09.25 00:14 B G:\Mindspring\www\images\outheart.jpg <-- Mindspring /deash/www/images outheart.jpg
100.09.25 00:14 B G:\Mindspring\www\images\phani0.gif <-- Mindspring /deash/www/images phani0.gif
100.09.25 00:14 B G:\Mindspring\www\images\picbutton.gif <-- Mindspring /deash/www/images picbutton.gif
100.09.25 00:14 B G:\Mindspring\www\images\pics.gif <-- Mindspring /deash/www/images pics.gif
100.09.25 00:14 B G:\Mindspring\www\images\picture.gif <-- Mindspring /deash/www/images picture.gif
100.09.25 00:14 B G:\Mindspring\www\images\picu1-sm.jpg <-- Mindspring /deash/www/images picu1-sm.jpg
100.09.25 00:14 B G:\Mindspring\www\images\picu1.jpg <-- Mindspring /deash/www/images picu1.jpg
100.09.25 00:14 B G:\Mindspring\www\images\picu2-sm.jpg <-- Mindspring /deash/www/images picu2-sm.jpg
100.09.25 00:15 B G:\Mindspring\www\images\picu2.jpg <-- Mindspring /deash/www/images picu2.jpg
100.09.25 00:15 B G:\Mindspring\www\images\picudad-sm.jpg <-- Mindspring /deash/www/images picudad-sm.jpg
100.09.25 00:15 B G:\Mindspring\www\images\picudad.jpg <-- Mindspring /deash/www/images picudad.jpg
100.09.25 00:15 B G:\Mindspring\www\images\picume-sm.jpg <-- Mindspring /deash/www/images picume-sm.jpg
100.09.25 00:15 B G:\Mindspring\www\images\picume.jpg <-- Mindspring /deash/www/images picume.jpg
100.09.25 00:15 B G:\Mindspring\www\images\picumel-sm.jpg <-- Mindspring /deash/www/images picumel-sm.jpg
100.09.25 00:15 B G:\Mindspring\www\images\picumel.jpg <-- Mindspring /deash/www/images picumel.jpg
100.09.25 00:15 B G:\Mindspring\www\images\sfw.gif <-- Mindspring /deash/www/images sfw.gif
100.09.25 00:15 B G:\Mindspring\www\images\smbar.gif <-- Mindspring /deash/www/images smbar.gif
100.09.25 00:15 B G:\Mindspring\www\images\sound03.gif <-- Mindspring /deash/www/images sound03.gif
100.09.25 00:15 B G:\Mindspring\www\images\sounds.gif <-- Mindspring /deash/www/images sounds.gif
100.09.25 00:15 B G:\Mindspring\www\images\special.jpg <-- Mindspring /deash/www/images special.jpg
100.09.25 00:15 B G:\Mindspring\www\images\story.gif <-- Mindspring /deash/www/images story.gif
100.09.25 00:15 B G:\Mindspring\www\images\storybutton.gif <-- Mindspring /deash/www/images storybutton.gif
100.09.25 00:15 B G:\Mindspring\www\images\thanks.gif <-- Mindspring /deash/www/images thanks.gif
100.09.25 00:15 B G:\Mindspring\www\images\thanksbutton.gif <-- Mindspring /deash/www/images thanksbutton.gif
100.09.25 00:15 B G:\Mindspring\www\images\vid_cam.gif <-- Mindspring /deash/www/images vid_cam.gif
100.09.25 00:15 B G:\Mindspring\www\images\zack-19Jun-2.jpg <-- Mindspring /deash/www/images zack-19Jun-2.jpg
100.09.25 00:15 B G:\Mindspring\www\images\zack-19Jun-2sm.jpg <-- Mindspring /deash/www/images zack-19Jun-2sm.jpg
100.09.25 00:15 B G:\Mindspring\www\images\zack-19Jun-sm.jpg <-- Mindspring /deash/www/images zack-19Jun-sm.jpg
100.09.25 00:16 B G:\Mindspring\www\images\zack-19Jun.jpg <-- Mindspring /deash/www/images zack-19Jun.jpg
100.09.25 00:16 B G:\Mindspring\www\images\zack-1Aug-sm.jpg <-- Mindspring /deash/www/images zack-1Aug-sm.jpg
100.09.25 00:16 B G:\Mindspring\www\images\zack-1Aug.jpg <-- Mindspring /deash/www/images zack-1Aug.jpg
100.09.25 00:16 B G:\Mindspring\www\images\zack-boy-sm.jpg <-- Mindspring /deash/www/images zack-boy-sm.jpg
100.09.25 00:16 B G:\Mindspring\www\images\zack-boy.jpg <-- Mindspring /deash/www/images zack-boy.jpg
100.09.25 00:16 B G:\Mindspring\www\images\zack-side-sm.jpg <-- Mindspring /deash/www/images zack-side-sm.jpg
100.09.25 00:16 B G:\Mindspring\www\images\zack-side.jpg <-- Mindspring /deash/www/images zack-side.jpg
